0 info it worked if it ends with ok
1 verbose cli [ '/home/pamaviyo/.nvm/versions/node/v0.12.3/bin/node',
1 verbose cli   '/home/pamaviyo/.nvm/versions/node/v0.12.3/bin/npm',
1 verbose cli   'start' ]
2 info using npm@2.9.1
3 info using node@v0.12.3
4 verbose stack Error: Failed to parse json
4 verbose stack Unexpected token 's' at 21:6
4 verbose stack     "sequelize": "~1.7.0",
4 verbose stack      ^
4 verbose stack     at parseError (/home/pamaviyo/.nvm/versions/node/v0.12.3/lib/node_modules/npm/node_modules/read-package-json/read-json.js:379:11)
4 verbose stack     at parseJson (/home/pamaviyo/.nvm/versions/node/v0.12.3/lib/node_modules/npm/node_modules/read-package-json/read-json.js:68:23)
4 verbose stack     at /home/pamaviyo/.nvm/versions/node/v0.12.3/lib/node_modules/npm/node_modules/read-package-json/read-json.js:48:5
4 verbose stack     at evalmachine.<anonymous>:334:14
4 verbose stack     at /home/pamaviyo/.nvm/versions/node/v0.12.3/lib/node_modules/npm/node_modules/graceful-fs/graceful-fs.js:102:5
4 verbose stack     at FSReqWrap.oncomplete (evalmachine.<anonymous>:95:15)
5 verbose cwd /home/pamaviyo/MOOC/mis_proyectos/quizyo
6 error Linux 3.13.0-57-generic
7 error argv "/home/pamaviyo/.nvm/versions/node/v0.12.3/bin/node" "/home/pamaviyo/.nvm/versions/node/v0.12.3/bin/npm" "start"
8 error node v0.12.3
9 error npm  v2.9.1
10 error file /home/pamaviyo/MOOC/mis_proyectos/quizyo/package.json
11 error code EJSONPARSE
12 error Failed to parse json
12 error Unexpected token 's' at 21:6
12 error     "sequelize": "~1.7.0",
12 error      ^
13 error File: /home/pamaviyo/MOOC/mis_proyectos/quizyo/package.json
14 error Failed to parse package.json data.
14 error package.json must be actual JSON, not just JavaScript.
14 error
14 error This is not a bug in npm.
14 error Tell the package author to fix their package.json file. JSON.parse
15 verbose exit [ 1, true ]
